<?xml version="1.0" encoding="UTF-8"?>
<!-- Generated by org.testng.reporters.JUnitReportReporter -->
<testsuite skipped="3" hostname="DESKTOP-PJ4T7BF" name="learnTestng.TestngPriority" tests="4" failures="0" timestamp="2021-09-07T00:16:54 CDT" time="2.077" errors="1">
  <testcase name="createLead" time="0.000" classname="learnTestng.TestngPriority">
    <skipped/>
  </testcase> <!-- createLead -->
  <testcase name="login" time="2.077" classname="learnTestng.TestngPriority">
    <error type="org.openqa.selenium.SessionNotCreatedException" message="session not created: This version of ChromeDriver only supports Chrome version 87
Current browser version is 92.0.4515.131 with binary path C:\Program Files\Google\Chrome\Application\chrome.exe
Build info: version: &#039;3.141.59&#039;, revision: &#039;e82be7d358&#039;, time: &#039;2018-11-14T08:17:03&#039;
System info: host: &#039;DESKTOP-PJ4T7BF&#039;, ip: &#039;192.168.1.212&#039;, os.name: &#039;Windows 10&#039;, os.arch: &#039;amd64&#039;, os.version: &#039;10.0&#039;, java.version: &#039;1.8.0_171&#039;
Driver info: driver.version: ChromeDriver
remote stacktrace: Backtrace:
	Ordinal0 [0x00E2ECE3+3337443]
	Ordinal0 [0x00D0F041+2158657]
	Ordinal0 [0x00B96FA8+618408]
	Ordinal0 [0x00B11D52+73042]
	Ordinal0 [0x00B0E0D8+57560]
	Ordinal0 [0x00B0C38A+50058]
	Ordinal0 [0x00B35E8E+220814]
	Ordinal0 [0x00B35BFC+220156]
	Ordinal0 [0x00B3181B+202779]
	Ordinal0 [0x00B13D74+81268]
	Ordinal0 [0x00B14D6E+85358]
	Ordinal0 [0x00B14CF9+85241]
	Ordinal0 [0x00D26F2C+2256684]
	GetHandleVerifier [0x00FB2FAC+1478332]
	GetHandleVerifier [0x00FB2AFD+1477133]
	GetHandleVerifier [0x00FBAAD8+1509864]
	GetHandleVerifier [0x00FB369E+1480110]
	Ordinal0 [0x00D1D6BD+2217661]
	Ordinal0 [0x00D289AB+2263467]
	Ordinal0 [0x00D28AEF+2263791]
	Ordinal0 [0x00D3D363+2347875]
	BaseThreadInitThunk [0x770EFA29+25]
	RtlGetAppContainerNamedObjectPath [0x77B47A7E+286]
	RtlGetAppContainerNamedObjectPath [0x77B47A4E+238]
">
      <![CDATA[org.openqa.selenium.SessionNotCreatedException: session not created: This version of ChromeDriver only supports Chrome version 87
Current browser version is 92.0.4515.131 with binary path C:\Program Files\Google\Chrome\Application\chrome.exe
Build info: version: '3.141.59', revision: 'e82be7d358', time: '2018-11-14T08:17:03'
System info: host: 'DESKTOP-PJ4T7BF', ip: '192.168.1.212', os.name: 'Windows 10', os.arch: 'amd64', os.version: '10.0', java.version: '1.8.0_171'
Driver info: driver.version: ChromeDriver
remote stacktrace: Backtrace:
Ordinal0 [0x00E2ECE3+3337443]
Ordinal0 [0x00D0F041+2158657]
Ordinal0 [0x00B96FA8+618408]
Ordinal0 [0x00B11D52+73042]
Ordinal0 [0x00B0E0D8+57560]
Ordinal0 [0x00B0C38A+50058]
Ordinal0 [0x00B35E8E+220814]
Ordinal0 [0x00B35BFC+220156]
Ordinal0 [0x00B3181B+202779]
Ordinal0 [0x00B13D74+81268]
Ordinal0 [0x00B14D6E+85358]
Ordinal0 [0x00B14CF9+85241]
Ordinal0 [0x00D26F2C+2256684]
GetHandleVerifier [0x00FB2FAC+1478332]
GetHandleVerifier [0x00FB2AFD+1477133]
GetHandleVerifier [0x00FBAAD8+1509864]
GetHandleVerifier [0x00FB369E+1480110]
Ordinal0 [0x00D1D6BD+2217661]
Ordinal0 [0x00D289AB+2263467]
Ordinal0 [0x00D28AEF+2263791]
Ordinal0 [0x00D3D363+2347875]
BaseThreadInitThunk [0x770EFA29+25]
RtlGetAppContainerNamedObjectPath [0x77B47A7E+286]
RtlGetAppContainerNamedObjectPath [0x77B47A4E+238]

at sun.reflect.NativeConstructorAccessorImpl.newInstance0(Native Method)
at sun.reflect.NativeConstructorAccessorImpl.newInstance(Unknown Source)
at sun.reflect.DelegatingConstructorAccessorImpl.newInstance(Unknown Source)
at java.lang.reflect.Constructor.newInstance(Unknown Source)
at org.openqa.selenium.remote.W3CHandshakeResponse.lambda$errorHandler$0(W3CHandshakeResponse.java:62)
at org.openqa.selenium.remote.HandshakeResponse.lambda$getResponseFunction$0(HandshakeResponse.java:30)
at org.openqa.selenium.remote.ProtocolHandshake.lambda$createSession$0(ProtocolHandshake.java:126)
at java.util.stream.ReferencePipeline$3$1.accept(Unknown Source)
at java.util.Spliterators$ArraySpliterator.tryAdvance(Unknown Source)
at java.util.stream.ReferencePipeline.forEachWithCancel(Unknown Source)
at java.util.stream.AbstractPipeline.copyIntoWithCancel(Unknown Source)
at java.util.stream.AbstractPipeline.copyInto(Unknown Source)
at java.util.stream.AbstractPipeline.wrapAndCopyInto(Unknown Source)
at java.util.stream.FindOps$FindOp.evaluateSequential(Unknown Source)
at java.util.stream.AbstractPipeline.evaluate(Unknown Source)
at java.util.stream.ReferencePipeline.findFirst(Unknown Source)
at org.openqa.selenium.remote.ProtocolHandshake.createSession(ProtocolHandshake.java:128)
at org.openqa.selenium.remote.ProtocolHandshake.createSession(ProtocolHandshake.java:74)
at org.openqa.selenium.remote.HttpCommandExecutor.execute(HttpCommandExecutor.java:136)
at org.openqa.selenium.remote.service.DriverCommandExecutor.execute(DriverCommandExecutor.java:83)
at org.openqa.selenium.remote.RemoteWebDriver.execute(RemoteWebDriver.java:552)
at org.openqa.selenium.remote.RemoteWebDriver.startSession(RemoteWebDriver.java:213)
at org.openqa.selenium.remote.RemoteWebDriver.<init>(RemoteWebDriver.java:131)
at org.openqa.selenium.chrome.ChromeDriver.<init>(ChromeDriver.java:181)
at org.openqa.selenium.chrome.ChromeDriver.<init>(ChromeDriver.java:168)
at org.openqa.selenium.chrome.ChromeDriver.<init>(ChromeDriver.java:123)
at learnTestng.TestngPriority.login(TestngPriority.java:18)
at sun.reflect.NativeMethodAccessorImpl.invoke0(Native Method)
at sun.reflect.NativeMethodAccessorImpl.invoke(Unknown Source)
at sun.reflect.DelegatingMethodAccessorImpl.invoke(Unknown Source)
at java.lang.reflect.Method.invoke(Unknown Source)
at org.testng.internal.MethodInvocationHelper.invokeMethod(MethodInvocationHelper.java:133)
at org.testng.internal.MethodInvocationHelper.invokeMethodConsideringTimeout(MethodInvocationHelper.java:62)
at org.testng.internal.ConfigInvoker.invokeConfigurationMethod(ConfigInvoker.java:340)
at org.testng.internal.ConfigInvoker.invokeConfigurations(ConfigInvoker.java:294)
at org.testng.internal.TestInvoker.runConfigMethods(TestInvoker.java:683)
at org.testng.internal.TestInvoker.invokeMethod(TestInvoker.java:510)
at org.testng.internal.TestInvoker.invokeTestMethod(TestInvoker.java:172)
at org.testng.internal.MethodRunner.runInSequence(MethodRunner.java:46)
at org.testng.internal.TestInvoker$MethodInvocationAgent.invoke(TestInvoker.java:804)
at org.testng.internal.TestInvoker.invokeTestMethods(TestInvoker.java:145)
at org.testng.internal.TestMethodWorker.invokeTestMethods(TestMethodWorker.java:146)
at org.testng.internal.TestMethodWorker.run(TestMethodWorker.java:128)
at java.util.ArrayList.forEach(Unknown Source)
at org.testng.TestRunner.privateRun(TestRunner.java:770)
at org.testng.TestRunner.run(TestRunner.java:591)
at org.testng.SuiteRunner.runTest(SuiteRunner.java:402)
at org.testng.SuiteRunner.runSequentially(SuiteRunner.java:396)
at org.testng.SuiteRunner.privateRun(SuiteRunner.java:355)
at org.testng.SuiteRunner.run(SuiteRunner.java:304)
at org.testng.SuiteRunnerWorker.runSuite(SuiteRunnerWorker.java:53)
at org.testng.SuiteRunnerWorker.run(SuiteRunnerWorker.java:96)
at org.testng.TestNG.runSuitesSequentially(TestNG.java:1180)
at org.testng.TestNG.runSuitesLocally(TestNG.java:1102)
at org.testng.TestNG.runSuites(TestNG.java:1032)
at org.testng.TestNG.run(TestNG.java:1000)
at org.testng.remote.AbstractRemoteTestNG.run(AbstractRemoteTestNG.java:115)
at org.testng.remote.RemoteTestNG.initAndRun(RemoteTestNG.java:251)
at org.testng.remote.RemoteTestNG.main(RemoteTestNG.java:77)
]]>
    </error>
  </testcase> <!-- login -->
  <testcase name="editLead" time="0.000" classname="learnTestng.TestngPriority">
    <skipped/>
  </testcase> <!-- editLead -->
  <testcase name="deleteLead" time="0.000" classname="learnTestng.TestngPriority">
    <skipped/>
  </testcase> <!-- deleteLead -->
</testsuite> <!-- learnTestng.TestngPriority -->
