<?xml version="1.0" encoding="UTF-8"?>
<!-- Generated by org.testng.reporters.JUnitReportReporter -->
<testsuite skipped="0" hostname="DESKTOP-PJ4T7BF" name="testngTestCases.DeleteLead" tests="1" failures="0" timestamp="2021-10-23T11:11:39 CDT" time="3.084" errors="1">
  <testcase name="deleteLead" time="3.084" classname="testngTestCases.DeleteLead">
    <error type="org.openqa.selenium.SessionNotCreatedException" message="session not created: This version of ChromeDriver only supports Chrome version 87
Current browser version is 94.0.4606.81 with binary path C:\Program Files\Google\Chrome\Application\chrome.exe
Build info: version: &#039;3.141.59&#039;, revision: &#039;e82be7d358&#039;, time: &#039;2018-11-14T08:17:03&#039;
System info: host: &#039;DESKTOP-PJ4T7BF&#039;, ip: &#039;192.168.1.212&#039;, os.name: &#039;Windows 10&#039;, os.arch: &#039;amd64&#039;, os.version: &#039;10.0&#039;, java.version: &#039;1.8.0_171&#039;
Driver info: driver.version: ChromeDriver
remote stacktrace: Backtrace:
	Ordinal0 [0x0069ECE3+3337443]
	Ordinal0 [0x0057F041+2158657]
	Ordinal0 [0x00406FA8+618408]
	Ordinal0 [0x00381D52+73042]
	Ordinal0 [0x0037E0D8+57560]
	Ordinal0 [0x0037C38A+50058]
	Ordinal0 [0x003A5E8E+220814]
	Ordinal0 [0x003A5BFC+220156]
	Ordinal0 [0x003A181B+202779]
	Ordinal0 [0x00383D74+81268]
	Ordinal0 [0x00384D6E+85358]
	Ordinal0 [0x00384CF9+85241]
	Ordinal0 [0x00596F2C+2256684]
	GetHandleVerifier [0x00822FAC+1478332]
	GetHandleVerifier [0x00822AFD+1477133]
	GetHandleVerifier [0x0082AAD8+1509864]
	GetHandleVerifier [0x0082369E+1480110]
	Ordinal0 [0x0058D6BD+2217661]
	Ordinal0 [0x005989AB+2263467]
	Ordinal0 [0x00598AEF+2263791]
	Ordinal0 [0x005AD363+2347875]
	BaseThreadInitThunk [0x766EFA29+25]
	RtlGetAppContainerNamedObjectPath [0x77517A9E+286]
	RtlGetAppContainerNamedObjectPath [0x77517A6E+238]
">
      <![CDATA[org.openqa.selenium.SessionNotCreatedException: session not created: This version of ChromeDriver only supports Chrome version 87
Current browser version is 94.0.4606.81 with binary path C:\Program Files\Google\Chrome\Application\chrome.exe
Build info: version: '3.141.59', revision: 'e82be7d358', time: '2018-11-14T08:17:03'
System info: host: 'DESKTOP-PJ4T7BF', ip: '192.168.1.212', os.name: 'Windows 10', os.arch: 'amd64', os.version: '10.0', java.version: '1.8.0_171'
Driver info: driver.version: ChromeDriver
remote stacktrace: Backtrace:
Ordinal0 [0x0069ECE3+3337443]
Ordinal0 [0x0057F041+2158657]
Ordinal0 [0x00406FA8+618408]
Ordinal0 [0x00381D52+73042]
Ordinal0 [0x0037E0D8+57560]
Ordinal0 [0x0037C38A+50058]
Ordinal0 [0x003A5E8E+220814]
Ordinal0 [0x003A5BFC+220156]
Ordinal0 [0x003A181B+202779]
Ordinal0 [0x00383D74+81268]
Ordinal0 [0x00384D6E+85358]
Ordinal0 [0x00384CF9+85241]
Ordinal0 [0x00596F2C+2256684]
GetHandleVerifier [0x00822FAC+1478332]
GetHandleVerifier [0x00822AFD+1477133]
GetHandleVerifier [0x0082AAD8+1509864]
GetHandleVerifier [0x0082369E+1480110]
Ordinal0 [0x0058D6BD+2217661]
Ordinal0 [0x005989AB+2263467]
Ordinal0 [0x00598AEF+2263791]
Ordinal0 [0x005AD363+2347875]
BaseThreadInitThunk [0x766EFA29+25]
RtlGetAppContainerNamedObjectPath [0x77517A9E+286]
RtlGetAppContainerNamedObjectPath [0x77517A6E+238]

at sun.reflect.NativeConstructorAccessorImpl.newInstance0(Native Method)
at sun.reflect.NativeConstructorAccessorImpl.newInstance(Unknown Source)
at sun.reflect.DelegatingConstructorAccessorImpl.newInstance(Unknown Source)
at java.lang.reflect.Constructor.newInstance(Unknown Source)
at org.openqa.selenium.remote.W3CHandshakeResponse.lambda$errorHandler$0(W3CHandshakeResponse.java:62)
at org.openqa.selenium.remote.HandshakeResponse.lambda$getResponseFunction$0(HandshakeResponse.java:30)
at org.openqa.selenium.remote.ProtocolHandshake.lambda$createSession$0(ProtocolHandshake.java:126)
at java.util.stream.ReferencePipeline$3$1.accept(Unknown Source)
at java.util.Spliterators$ArraySpliterator.tryAdvance(Unknown Source)
at java.util.stream.ReferencePipeline.forEachWithCancel(Unknown Source)
at java.util.stream.AbstractPipeline.copyIntoWithCancel(Unknown Source)
at java.util.stream.AbstractPipeline.copyInto(Unknown Source)
at java.util.stream.AbstractPipeline.wrapAndCopyInto(Unknown Source)
at java.util.stream.FindOps$FindOp.evaluateSequential(Unknown Source)
at java.util.stream.AbstractPipeline.evaluate(Unknown Source)
at java.util.stream.ReferencePipeline.findFirst(Unknown Source)
at org.openqa.selenium.remote.ProtocolHandshake.createSession(ProtocolHandshake.java:128)
at org.openqa.selenium.remote.ProtocolHandshake.createSession(ProtocolHandshake.java:74)
at org.openqa.selenium.remote.HttpCommandExecutor.execute(HttpCommandExecutor.java:136)
at org.openqa.selenium.remote.service.DriverCommandExecutor.execute(DriverCommandExecutor.java:83)
at org.openqa.selenium.remote.RemoteWebDriver.execute(RemoteWebDriver.java:552)
at org.openqa.selenium.remote.RemoteWebDriver.startSession(RemoteWebDriver.java:213)
at org.openqa.selenium.remote.RemoteWebDriver.<init>(RemoteWebDriver.java:131)
at org.openqa.selenium.chrome.ChromeDriver.<init>(ChromeDriver.java:181)
at org.openqa.selenium.chrome.ChromeDriver.<init>(ChromeDriver.java:168)
at org.openqa.selenium.chrome.ChromeDriver.<init>(ChromeDriver.java:123)
at testngTestCases.DeleteLead.deleteLead(DeleteLead.java:16)
at sun.reflect.NativeMethodAccessorImpl.invoke0(Native Method)
at sun.reflect.NativeMethodAccessorImpl.invoke(Unknown Source)
at sun.reflect.DelegatingMethodAccessorImpl.invoke(Unknown Source)
at java.lang.reflect.Method.invoke(Unknown Source)
at org.testng.internal.MethodInvocationHelper.invokeMethod(MethodInvocationHelper.java:133)
at org.testng.internal.TestInvoker.invokeMethod(TestInvoker.java:584)
at org.testng.internal.TestInvoker.invokeTestMethod(TestInvoker.java:172)
at org.testng.internal.MethodRunner.runInSequence(MethodRunner.java:46)
at org.testng.internal.TestInvoker$MethodInvocationAgent.invoke(TestInvoker.java:804)
at org.testng.internal.TestInvoker.invokeTestMethods(TestInvoker.java:145)
at org.testng.internal.TestMethodWorker.invokeTestMethods(TestMethodWorker.java:146)
at org.testng.internal.TestMethodWorker.run(TestMethodWorker.java:128)
at java.util.concurrent.ThreadPoolExecutor.runWorker(Unknown Source)
at java.util.concurrent.ThreadPoolExecutor$Worker.run(Unknown Source)
at java.lang.Thread.run(Unknown Source)
]]>
    </error>
  </testcase> <!-- deleteLead -->
</testsuite> <!-- testngTestCases.DeleteLead -->
